<?xml version="1.0" encoding="utf-8"?><testsuites name="pytest tests"><testsuite name="pytest" errors="0" failures="0" skipped="0" tests="38" time="15.525" timestamp="2026-09-08T05:46:18.623291+00:00" hostname="8b3df68d156f"><testcase classname="tests.test_agent_colours" name="test_agent_can_choose_supported_colours" time="0.340" /><testcase classname="tests.test_agent_colours" name="test_agent_cannot_return_unclear_or_unsupported_colour" time="0.368" /><testcase classname="tests.test_agent_colours" name="test_agent_colour_cannot_change_after_approval" time="0.351" /><testcase classname="tests.test_observation_schema" name="test_trousers_reject_sweater_length_labels" time="0.336" /><testcase classname="tests.test_observation_schema" name="test_observation_conversion_preserves_identity_and_features" time="0.344" /><testcase classname="tests.test_workflow_v2.ForecastChecks" name="test_above_equal_zero_and_rounding_boundaries" time="0.327" /><testcase classname="tests.test_workflow_v2.ForecastChecks" name="test_changed_explanation_is_rejected" time="0.001" /><testcase classname="tests.test_workflow_v2.ForecastChecks" name="test_identity_and_model_selection_are_checked" time="0.001" /><testcase classname="tests.test_workflow_v2.ForecastChecks" name="test_invalid_sales_cannot_be_rendered" time="0.001" /><testcase classname="tests.test_workflow_v2.ForecastChecks" name="test_liliana_is_below_and_percentage_is_correct" time="0.001" /><testcase classname="tests.test_workflow_v2.ForecastChecks" name="test_population_mismatch_prevents_comparison" time="0.001" /><testcase classname="tests.test_workflow_v2.ForecastChecks" name="test_reversed_agent_answer_is_rejected" time="0.001" /><testcase classname="tests.test_workflow_v2.ForecastChecks" name="test_test_set_cannot_select_the_model" time="0.001" /><testcase classname="tests.test_workflow_v2.ForecastChecks" name="test_unchecked_schema_cannot_be_accepted_as_verified" time="0.001" /><testcase classname="tests.test_workflow_v2.EvidenceTests" name="test_actual_export_is_consistent" time="0.380" /><testcase classname="tests.test_workflow_v2.EvidenceTests" name="test_changed_winner_is_rejected" time="0.021" /><testcase classname="tests.test_workflow_v2.EvidenceTests" name="test_reference_cannot_escape_bundle" time="0.001" /><testcase classname="tests.test_workflow_v2.EvidenceTests" name="test_score_tampering_is_rejected" time="0.033" /><testcase classname="tests.test_workflow_v2.CacheTests" name="test_changed_inputs_cannot_reuse_cache" time="0.016" /><testcase classname="tests.test_workflow_v2.CacheTests" name="test_changed_output_is_not_trusted" time="0.020" /><testcase classname="tests.test_workflow_v2.DesignTests" name="test_approval_binds_settings" time="0.321" /><testcase classname="tests.test_workflow_v2.DesignTests" name="test_catalogue_name_cannot_recolour" time="0.332" /><testcase classname="tests.test_workflow_v2.DesignTests" name="test_each_failed_change_reported" time="0.338" /><testcase classname="tests.test_workflow_v2.DesignTests" name="test_identical_change_rejected" time="0.326" /><testcase classname="tests.test_workflow_v2.DesignTests" name="test_invented_source_rejected" time="0.334" /><testcase classname="tests.test_workflow_v2.DesignTests" name="test_missing_panel_does_not_pass" time="0.340" /><testcase classname="tests.test_workflow_v2.DesignTests" name="test_names_and_prompts_compiled" time="0.349" /><testcase classname="tests.test_workflow_v2.DesignTests" name="test_no_material_claim_field" time="0.342" /><testcase classname="tests.test_workflow_v2.DesignTests" name="test_no_material_visual_value" time="0.349" /><testcase classname="tests.test_workflow_v2.DesignTests" name="test_source_identity_rejected" time="0.344" /><testcase classname="tests.test_workflow_v2.DesignTests" name="test_stale_preview_rejected" time="0.354" /><testcase classname="tests.test_workflow_v2.DesignTests" name="test_unclear_does_not_pass" time="0.401" /><testcase classname="tests.test_workflow_v2.DesignTests" name="test_unclear_source_change_rejected" time="0.343" /><testcase classname="tests.test_workflow_v2.DesignTests" name="test_valid_plan" time="0.343" /><testcase classname="tests.test_workflow_v2.DesignTests" name="test_wrong_category_length_rejected" time="0.346" /><testcase classname="tests.test_workflow_v2.IntegrationTests" name="test_actual_stages_and_approvals" time="2.449" /><testcase classname="tests.test_workflow_v2.IntegrationTests" name="test_no_retry_after_ambiguous_image_error" time="2.193" /><testcase classname="tests.test_workflow_v2.IntegrationTests" name="test_unclear_review_needs_explicit_decision" time="2.503" /></testsuite></testsuites>